<?xml version="1.0" encoding="UTF-8"?>
<robot generator="Robot 7.3.2 (Python 3.12.2 on win32)" generated="2025-11-17T13:18:02.350052" rpa="false" schemaversion="5">
<suite id="s1" name="Tests" source="C:\Users\hemmi\palautusrepositorio\Viikko3\hello-robot\src\tests">
<suite id="s1-s1" name="Increase Counter" source="C:\Users\hemmi\palautusrepositorio\Viikko3\hello-robot\src\tests\increase_counter.robot">
<test id="s1-s1-t1" name="Increase Counter Once" line="5">
<kw name="Counter Value Should Be" owner="CounterLibrary">
<arg>0</arg>
<status status="PASS" start="2025-11-17T13:18:02.367436" elapsed="0.000000"/>
</kw>
<kw name="Increase Counter" owner="CounterLibrary">
<status status="PASS" start="2025-11-17T13:18:02.367436" elapsed="0.000000"/>
</kw>
<kw name="Counter Value Should Be" owner="CounterLibrary">
<arg>1</arg>
<status status="PASS" start="2025-11-17T13:18:02.367936" elapsed="0.000000"/>
</kw>
<status status="PASS" start="2025-11-17T13:18:02.366937" elapsed="0.000999"/>
</test>
<test id="s1-s1-t2" name="Increase Counter Many Times" line="10">
<kw name="Counter Value Should Be" owner="CounterLibrary">
<arg>0</arg>
<status status="PASS" start="2025-11-17T13:18:02.368436" elapsed="0.000000"/>
</kw>
<kw name="Increase Counter" owner="CounterLibrary">
<status status="PASS" start="2025-11-17T13:18:02.368436" elapsed="0.000000"/>
</kw>
<kw name="Increase Counter" owner="CounterLibrary">
<status status="PASS" start="2025-11-17T13:18:02.368436" elapsed="0.000000"/>
</kw>
<kw name="Increase Counter" owner="CounterLibrary">
<status status="PASS" start="2025-11-17T13:18:02.368934" elapsed="0.000000"/>
</kw>
<kw name="Counter Value Should Be" owner="CounterLibrary">
<arg>3</arg>
<status status="PASS" start="2025-11-17T13:18:02.368934" elapsed="0.000000"/>
</kw>
<status status="PASS" start="2025-11-17T13:18:02.367936" elapsed="0.000998"/>
</test>
<test id="s1-s1-t3" name="Increment Counter By Amount" line="17">
<kw name="Counter Value Should Be" owner="CounterLibrary">
<arg>0</arg>
<status status="PASS" start="2025-11-17T13:18:02.369434" elapsed="0.000000"/>
</kw>
<kw name="Increment Counter By" owner="CounterLibrary">
<arg>5</arg>
<status status="PASS" start="2025-11-17T13:18:02.369434" elapsed="0.000000"/>
</kw>
<kw name="Counter Value Should Be" owner="CounterLibrary">
<arg>5</arg>
<status status="PASS" start="2025-11-17T13:18:02.369434" elapsed="0.000000"/>
</kw>
<status status="PASS" start="2025-11-17T13:18:02.368934" elapsed="0.000500"/>
</test>
<status status="PASS" start="2025-11-17T13:18:02.360567" elapsed="0.009367"/>
</suite>
<suite id="s1-s2" name="Reset Counter" source="C:\Users\hemmi\palautusrepositorio\Viikko3\hello-robot\src\tests\reset_counter.robot">
<test id="s1-s2-t1" name="Reset Counter After One Increment" line="5">
<kw name="Counter Value Should Be" owner="CounterLibrary">
<arg>0</arg>
<status status="PASS" start="2025-11-17T13:18:02.371434" elapsed="0.000000"/>
</kw>
<kw name="Increase Counter" owner="CounterLibrary">
<status status="PASS" start="2025-11-17T13:18:02.371934" elapsed="0.000000"/>
</kw>
<kw name="Counter Value Should Be" owner="CounterLibrary">
<arg>1</arg>
<status status="PASS" start="2025-11-17T13:18:02.371934" elapsed="0.000000"/>
</kw>
<kw name="Reset Counter" owner="CounterLibrary">
<status status="PASS" start="2025-11-17T13:18:02.371934" elapsed="0.000000"/>
</kw>
<kw name="Counter Value Should Be" owner="CounterLibrary">
<arg>0</arg>
<status status="PASS" start="2025-11-17T13:18:02.371934" elapsed="0.000000"/>
</kw>
<status status="PASS" start="2025-11-17T13:18:02.371434" elapsed="0.001002"/>
</test>
<test id="s1-s2-t2" name="Reset Counter After Several Increments" line="12">
<kw name="Counter Value Should Be" owner="CounterLibrary">
<arg>0</arg>
<status status="PASS" start="2025-11-17T13:18:02.372436" elapsed="0.000000"/>
</kw>
<kw name="Increment Counter By" owner="CounterLibrary">
<arg>5</arg>
<status status="PASS" start="2025-11-17T13:18:02.372935" elapsed="0.000000"/>
</kw>
<kw name="Counter Value Should Be" owner="CounterLibrary">
<arg>5</arg>
<status status="PASS" start="2025-11-17T13:18:02.372935" elapsed="0.000000"/>
</kw>
<kw name="Reset Counter" owner="CounterLibrary">
<status status="PASS" start="2025-11-17T13:18:02.372935" elapsed="0.000000"/>
</kw>
<kw name="Counter Value Should Be" owner="CounterLibrary">
<arg>0</arg>
<status status="PASS" start="2025-11-17T13:18:02.372935" elapsed="0.000000"/>
</kw>
<status status="PASS" start="2025-11-17T13:18:02.372436" elapsed="0.000499"/>
</test>
<status status="PASS" start="2025-11-17T13:18:02.369934" elapsed="0.003501"/>
</suite>
<status status="PASS" start="2025-11-17T13:18:02.351052" elapsed="0.022383"/>
</suite>
<statistics>
<total>
<stat pass="5" fail="0" skip="0">All Tests</stat>
</total>
<tag>
</tag>
<suite>
<stat name="Tests" id="s1" pass="5" fail="0" skip="0">Tests</stat>
<stat name="Increase Counter" id="s1-s1" pass="3" fail="0" skip="0">Tests.Increase Counter</stat>
<stat name="Reset Counter" id="s1-s2" pass="2" fail="0" skip="0">Tests.Reset Counter</stat>
</suite>
</statistics>
<errors>
</errors>
</robot>
